c:\users\worko\source\repos\colorpickeropengl\colorpicker\debug\vc143.pdb
c:\users\worko\source\repos\colorpickeropengl\colorpicker\debug\logging.obj
c:\users\worko\source\repos\colorpickeropengl\colorpicker\debug\asciicolor.obj
c:\users\worko\source\repos\colorpickeropengl\colorpicker\debug\application.obj
c:\users\worko\source\repos\colorpickeropengl\colorpicker\debug\imgui_demo.obj
c:\users\worko\source\repos\colorpickeropengl\colorpicker\debug\imgui_widgets.obj
c:\users\worko\source\repos\colorpickeropengl\colorpicker\debug\imgui_tables.obj
c:\users\worko\source\repos\colorpickeropengl\colorpicker\debug\imgui_draw.obj
c:\users\worko\source\repos\colorpickeropengl\colorpicker\debug\imgui_impl_glfw.obj
c:\users\worko\source\repos\colorpickeropengl\colorpicker\debug\imgui_impl_opengl3.obj
c:\users\worko\source\repos\colorpickeropengl\colorpicker\debug\imgui.obj
c:\users\worko\source\repos\colorpickeropengl\colorpicker\debug\main.obj
c:\users\worko\source\repos\colorpickeropengl\debug\colorpicker.pdb
c:\users\worko\source\repos\colorpickeropengl\colorpicker\debug\colorpicker.tlog\cl.command.1.tlog
c:\users\worko\source\repos\colorpickeropengl\colorpicker\debug\colorpicker.tlog\cl.read.1.tlog
c:\users\worko\source\repos\colorpickeropengl\colorpicker\debug\colorpicker.tlog\cl.write.1.tlog
c:\users\worko\source\repos\colorpickeropengl\colorpicker\debug\colorpicker.tlog\link-cvtres.read.1.tlog
c:\users\worko\source\repos\colorpickeropengl\colorpicker\debug\colorpicker.tlog\link-cvtres.write.1.tlog
c:\users\worko\source\repos\colorpickeropengl\colorpicker\debug\colorpicker.tlog\link-rc.read.1.tlog
c:\users\worko\source\repos\colorpickeropengl\colorpicker\debug\colorpicker.tlog\link-rc.write.1.tlog
c:\users\worko\source\repos\colorpickeropengl\colorpicker\debug\colorpicker.tlog\link.command.1.tlog
c:\users\worko\source\repos\colorpickeropengl\colorpicker\debug\colorpicker.tlog\link.read.1.tlog
c:\users\worko\source\repos\colorpickeropengl\colorpicker\debug\colorpicker.tlog\link.read.2.tlog
c:\users\worko\source\repos\colorpickeropengl\colorpicker\debug\colorpicker.tlog\link.write.1.tlog
